<?xml version="1.0" encoding="UTF-8"?>
<testsuite name="com.bridgelabz.MoodAnalyserTest" tests="1" skipped="0" failures="0" errors="0" timestamp="2022-08-22T11:53:42" hostname="FALGUNI" time="0.129">
  <properties/>
  <testcase name="caseSad()" classname="com.bridgelabz.MoodAnalyserTest" time="0.129"/>
  <system-out><![CDATA[SAD
]]></system-out>
  <system-err><![CDATA[]]></system-err>
</testsuite>
